[16890] G4 -> G3 https://www.acmicpc.net/problem/16890
##############################
[6443] G3 -> G4 https://www.acmicpc.net/problem/6443
[10942] G2 -> G3 https://www.acmicpc.net/problem/10942
[15961] G5 -> G4 https://www.acmicpc.net/problem/15961
##############################
[1477] G5 -> G4 https://www.acmicpc.net/problem/1477
##############################
[16987] S2 -> S1 https://www.acmicpc.net/problem/16987
##############################
[1990] S1 -> G5 https://www.acmicpc.net/problem/1990
##############################
[21758] S2 -> S3 https://www.acmicpc.net/problem/21758
##############################
[21758] S3 -> S2 https://www.acmicpc.net/problem/21758
[21757] S1 -> G3 https://www.acmicpc.net/problem/21757
##############################
[1058] S1 -> S2 https://www.acmicpc.net/problem/1058
##############################
[1553] S3 -> S2 https://www.acmicpc.net/problem/1553
##############################
[14499] G5 -> G4 https://www.acmicpc.net/problem/14499
##############################
[16118] G2 -> G1 https://www.acmicpc.net/problem/16118
##############################
[1942] B3 -> B2 https://www.acmicpc.net/problem/1942
##############################
[17276] S2 -> S1 https://www.acmicpc.net/problem/17276
##############################
[1799] G2 -> G1 https://www.acmicpc.net/problem/1799
[11687] S1 -> G5 https://www.acmicpc.net/problem/11687
[1368] G3 -> G2 https://www.acmicpc.net/problem/1368
[2982] G3 -> G2 https://www.acmicpc.net/problem/2982
[2933] G3 -> G2 https://www.acmicpc.net/problem/2933
##############################
[2412] G4 -> G3 https://www.acmicpc.net/problem/2412
[12893] G4 -> G5 https://www.acmicpc.net/problem/12893
[14722] G5 -> G4 https://www.acmicpc.net/problem/14722
[20546] B2 -> B1 https://www.acmicpc.net/problem/20546
[2553] G5 -> S1 https://www.acmicpc.net/problem/2553
[14499] G4 -> G5 https://www.acmicpc.net/problem/14499
##############################
